{"scenarioId":"fixture-lib-no-types","mode":"baseline","status":"type_error","errorCode":"TS7016","stderr_head":"src/index.ts(1,21): error TS7016: Could not find a declaration file for module 'lib-no-types'. '/Users/takeuchitaichi/Desktop/sotsukenn-takeuchitaichi/fixtures/consumer-strict/node_modules/lib-no-types/index.js' implicitly has an 'any' type.\n  Try `npm i --save-dev @types/lib-no-types` if it exists or add a new declaration (.d.ts) file containing `declare module 'lib-no-types';`\n","durationMs":637,"nodeVersion":"v24.1.0","tscVersion":"5.9.3","logPath":"runs/demo-exp/BL0/logs/fixture-lib-no-types.baseline.log","conditionId":"BL0"}
{"scenarioId":"fixture-lib-no-types","mode":"predicted","status":"type_error","errorCode":"TS7016","stderr_head":"src/index.ts(1,21): error TS7016: Could not find a declaration file for module 'lib-no-types'. '/Users/takeuchitaichi/Desktop/sotsukenn-takeuchitaichi/fixtures/consumer-strict/node_modules/lib-no-types/index.js' implicitly has an 'any' type.\n  Try `npm i --save-dev @types/lib-no-types` if it exists or add a new declaration (.d.ts) file containing `declare module 'lib-no-types';`\n","durationMs":648,"nodeVersion":"v24.1.0","tscVersion":"5.9.3","logPath":"runs/demo-exp/BL0/logs/fixture-lib-no-types.predicted.log","conditionId":"BL0","predictedDtsPath":"/Users/takeuchitaichi/Desktop/sotsukenn-takeuchitaichi/fixtures/predicted-dts/lib-no-types/index.d.ts"}
